# JRE version: OpenJDK Runtime Environment Temurin-17.0.8.1+1 (17.0.8.1+1) (build 17.0.8.1+1)
# Java VM: OpenJDK 64-Bit Server VM Temurin-17.0.8.1+1 (17.0.8.1+1, mixed mode, emulated-client, tiered, compressed oops, compressed class ptrs, g1 gc, windows-amd64)
GC Precious Log:
 CPUs: 8 total, 8 available
 Memory: 6021M
 Large Page Support: Disabled
 NUMA Support: Disabled
 Compressed Oops: Enabled (32-bit)
 Heap Region Size: 1M
 Heap Min Capacity: 8M
 Heap Initial Capacity: 96M
 Heap Max Capacity: 1G
 Pre-touch: Disabled
 Parallel Workers: 8
 Concurrent Workers: 2
 Concurrent Refinement Workers: 8
 Periodic GC: Disabled
Heap:
 garbage-first heap   total 81920K, used 31187K [0x00000000c0000000, 0x0000000100000000)
  region size 1024K, 1 young (1024K), 0 survivors (0K)
 Metaspace       used 60000K, committed 60416K, reserved 1114112K
  class space    used 7495K, committed 7680K, reserved 1048576K
GC Heap History (20 events):
Event: 27596.873 GC heap before
{Heap before GC invocations=2213 (full 1945):
 garbage-first heap   total 81920K, used 31187K [0x00000000c0000000, 0x0000000100000000)
  region size 1024K, 1 young (1024K), 0 survivors (0K)
 Metaspace       used 60000K, committed 60416K, reserved 1114112K
  class space    used 7495K, committed 7680K, reserved 1048576K
}
Event: 27596.932 GC heap after
{Heap after GC invocations=2214 (full 1946):
 garbage-first heap   total 81920K, used 31187K [0x00000000c0000000, 0x0000000100000000)
  region size 1024K, 0 young (0K), 0 survivors (0K)
 Metaspace       used 60000K, committed 60416K, reserved 1114112K
  class space    used 7495K, committed 7680K, reserved 1048576K
}
Event: 27607.270 GC heap before
{Heap before GC invocations=2214 (full 1946):
 garbage-first heap   total 81920K, used 31187K [0x00000000c0000000, 0x0000000100000000)
  region size 1024K, 1 young (1024K), 0 survivors (0K)
 Metaspace       used 60000K, committed 60416K, reserved 1114112K
  class space    used 7495K, committed 7680K, reserved 1048576K
}
Event: 27607.322 GC heap after
{Heap after GC invocations=2215 (full 1947):
 garbage-first heap   total 81920K, used 31187K [0x00000000c0000000, 0x0000000100000000)
  region size 1024K, 0 young (0K), 0 survivors (0K)
 Metaspace       used 60000K, committed 60416K, reserved 1114112K
  class space    used 7495K, committed 7680K, reserved 1048576K
}
Event: 27617.647 GC heap before
{Heap before GC invocations=2215 (full 1947):
 garbage-first heap   total 81920K, used 31187K [0x00000000c0000000, 0x0000000100000000)
  region size 1024K, 1 young (1024K), 0 survivors (0K)
 Metaspace       used 60000K, committed 60416K, reserved 1114112K
  class space    used 7495K, committed 7680K, reserved 1048576K
}
Event: 27617.704 GC heap after
{Heap after GC invocations=2216 (full 1948):
 garbage-first heap   total 81920K, used 31187K [0x00000000c0000000, 0x0000000100000000)
  region size 1024K, 0 young (0K), 0 survivors (0K)
 Metaspace       used 60000K, committed 60416K, reserved 1114112K
  class space    used 7495K, committed 7680K, reserved 1048576K
}
Event: 27628.059 GC heap before
{Heap before GC invocations=2216 (full 1948):
 garbage-first heap   total 81920K, used 31187K [0x00000000c0000000, 0x0000000100000000)
  region size 1024K, 1 young (1024K), 0 survivors (0K)
 Metaspace       used 60000K, committed 60416K, reserved 1114112K
  class space    used 7495K, committed 7680K, reserved 1048576K
}
Event: 27628.111 GC heap after
{Heap after GC invocations=2217 (full 1949):
 garbage-first heap   total 81920K, used 31187K [0x00000000c0000000, 0x0000000100000000)
  region size 1024K, 0 young (0K), 0 survivors (0K)
 Metaspace       used 60000K, committed 60416K, reserved 1114112K
  class space    used 7495K, committed 7680K, reserved 1048576K
}
Event: 27638.512 GC heap before
{Heap before GC invocations=2217 (full 1949):
 garbage-first heap   total 81920K, used 31187K [0x00000000c0000000, 0x0000000100000000)
  region size 1024K, 1 young (1024K), 0 survivors (0K)
 Metaspace       used 60000K, committed 60416K, reserved 1114112K
  class space    used 7495K, committed 7680K, reserved 1048576K
}
Event: 27638.578 GC heap after
{Heap after GC invocations=2218 (full 1950):
 garbage-first heap   total 81920K, used 31187K [0x00000000c0000000, 0x0000000100000000)
  region size 1024K, 0 young (0K), 0 survivors (0K)
 Metaspace       used 60000K, committed 60416K, reserved 1114112K
  class space    used 7495K, committed 7680K, reserved 1048576K
}
Event: 27648.889 GC heap before
{Heap before GC invocations=2218 (full 1950):
 garbage-first heap   total 81920K, used 31187K [0x00000000c0000000, 0x0000000100000000)
  region size 1024K, 1 young (1024K), 0 survivors (0K)
 Metaspace       used 60000K, committed 60416K, reserved 1114112K
  class space    used 7495K, committed 7680K, reserved 1048576K
}
Event: 27648.947 GC heap after
{Heap after GC invocations=2219 (full 1951):
 garbage-first heap   total 81920K, used 31187K [0x00000000c0000000, 0x0000000100000000)
  region size 1024K, 0 young (0K), 0 survivors (0K)
 Metaspace       used 60000K, committed 60416K, reserved 1114112K
  class space    used 7495K, committed 7680K, reserved 1048576K
}
Event: 27659.393 GC heap before
{Heap before GC invocations=2219 (full 1951):
 garbage-first heap   total 81920K, used 31187K [0x00000000c0000000, 0x0000000100000000)
  region size 1024K, 1 young (1024K), 0 survivors (0K)
 Metaspace       used 60000K, committed 60416K, reserved 1114112K
  class space    used 7495K, committed 7680K, reserved 1048576K
}
Event: 27659.444 GC heap after
{Heap after GC invocations=2220 (full 1952):
 garbage-first heap   total 81920K, used 31187K [0x00000000c0000000, 0x0000000100000000)
  region size 1024K, 0 young (0K), 0 survivors (0K)
 Metaspace       used 60000K, committed 60416K, reserved 1114112K
  class space    used 7495K, committed 7680K, reserved 1048576K
}
Event: 27669.844 GC heap before
{Heap before GC invocations=2220 (full 1952):
 garbage-first heap   total 81920K, used 31187K [0x00000000c0000000, 0x0000000100000000)
  region size 1024K, 1 young (1024K), 0 survivors (0K)
 Metaspace       used 60000K, committed 60416K, reserved 1114112K
  class space    used 7495K, committed 7680K, reserved 1048576K
}
Event: 27669.907 GC heap after
{Heap after GC invocations=2221 (full 1953):
 garbage-first heap   total 81920K, used 31187K [0x00000000c0000000, 0x0000000100000000)
  region size 1024K, 0 young (0K), 0 survivors (0K)
 Metaspace       used 60000K, committed 60416K, reserved 1114112K
  class space    used 7495K, committed 7680K, reserved 1048576K
}
Event: 27680.394 GC heap before
{Heap before GC invocations=2221 (full 1953):
 garbage-first heap   total 81920K, used 31187K [0x00000000c0000000, 0x0000000100000000)
  region size 1024K, 1 young (1024K), 0 survivors (0K)
 Metaspace       used 60000K, committed 60416K, reserved 1114112K
  class space    used 7495K, committed 7680K, reserved 1048576K
}
Event: 27680.456 GC heap after
{Heap after GC invocations=2222 (full 1954):
 garbage-first heap   total 81920K, used 31187K [0x00000000c0000000, 0x0000000100000000)
  region size 1024K, 0 young (0K), 0 survivors (0K)
 Metaspace       used 60000K, committed 60416K, reserved 1114112K
  class space    used 7495K, committed 7680K, reserved 1048576K
}
Event: 27691.402 GC heap before
{Heap before GC invocations=2222 (full 1954):
 garbage-first heap   total 81920K, used 31187K [0x00000000c0000000, 0x0000000100000000)
  region size 1024K, 1 young (1024K), 0 survivors (0K)
 Metaspace       used 60000K, committed 60416K, reserved 1114112K
  class space    used 7495K, committed 7680K, reserved 1048576K
}
Event: 27691.475 GC heap after
{Heap after GC invocations=2223 (full 1955):
 garbage-first heap   total 81920K, used 31187K [0x00000000c0000000, 0x0000000100000000)
  region size 1024K, 0 young (0K), 0 survivors (0K)
 Metaspace       used 60000K, committed 60416K, reserved 1114112K
  class space    used 7495K, committed 7680K, reserved 1048576K
}

