# JRE version: OpenJDK Runtime Environment Temurin-17.0.8.1+1 (17.0.8.1+1) (build 17.0.8.1+1)
# Java VM: OpenJDK 64-Bit Server VM Temurin-17.0.8.1+1 (17.0.8.1+1, mixed mode, emulated-client, tiered, compressed oops, compressed class ptrs, g1 gc, windows-amd64)
GC Precious Log:
 CPUs: 8 total, 8 available
 Memory: 6021M
 Large Page Support: Disabled
 NUMA Support: Disabled
 Compressed Oops: Enabled (32-bit)
 Heap Region Size: 1M
 Heap Min Capacity: 8M
 Heap Initial Capacity: 96M
 Heap Max Capacity: 1G
 Pre-touch: Disabled
 Parallel Workers: 8
 Concurrent Workers: 2
 Concurrent Refinement Workers: 8
 Periodic GC: Disabled
Heap:
 garbage-first heap   total 55296K, used 17749K [0x00000000c0000000, 0x0000000100000000)
  region size 1024K, 1 young (1024K), 0 survivors (0K)
 Metaspace       used 38343K, committed 38912K, reserved 1114112K
  class space    used 5051K, committed 5248K, reserved 1048576K
GC Heap History (20 events):
Event: 5400.463 GC heap before
{Heap before GC invocations=524 (full 513):
 garbage-first heap   total 55296K, used 17749K [0x00000000c0000000, 0x0000000100000000)
  region size 1024K, 1 young (1024K), 0 survivors (0K)
 Metaspace       used 38343K, committed 38912K, reserved 1114112K
  class space    used 5051K, committed 5248K, reserved 1048576K
}
Event: 5400.489 GC heap after
{Heap after GC invocations=525 (full 514):
 garbage-first heap   total 55296K, used 17749K [0x00000000c0000000, 0x0000000100000000)
  region size 1024K, 0 young (0K), 0 survivors (0K)
 Metaspace       used 38343K, committed 38912K, reserved 1114112K
  class space    used 5051K, committed 5248K, reserved 1048576K
}
Event: 5410.829 GC heap before
{Heap before GC invocations=525 (full 514):
 garbage-first heap   total 55296K, used 17749K [0x00000000c0000000, 0x0000000100000000)
  region size 1024K, 1 young (1024K), 0 survivors (0K)
 Metaspace       used 38343K, committed 38912K, reserved 1114112K
  class space    used 5051K, committed 5248K, reserved 1048576K
}
Event: 5410.858 GC heap after
{Heap after GC invocations=526 (full 515):
 garbage-first heap   total 55296K, used 17749K [0x00000000c0000000, 0x0000000100000000)
  region size 1024K, 0 young (0K), 0 survivors (0K)
 Metaspace       used 38343K, committed 38912K, reserved 1114112K
  class space    used 5051K, committed 5248K, reserved 1048576K
}
Event: 5421.391 GC heap before
{Heap before GC invocations=526 (full 515):
 garbage-first heap   total 55296K, used 17749K [0x00000000c0000000, 0x0000000100000000)
  region size 1024K, 1 young (1024K), 0 survivors (0K)
 Metaspace       used 38343K, committed 38912K, reserved 1114112K
  class space    used 5051K, committed 5248K, reserved 1048576K
}
Event: 5421.421 GC heap after
{Heap after GC invocations=527 (full 516):
 garbage-first heap   total 55296K, used 17749K [0x00000000c0000000, 0x0000000100000000)
  region size 1024K, 0 young (0K), 0 survivors (0K)
 Metaspace       used 38343K, committed 38912K, reserved 1114112K
  class space    used 5051K, committed 5248K, reserved 1048576K
}
Event: 5431.700 GC heap before
{Heap before GC invocations=527 (full 516):
 garbage-first heap   total 55296K, used 17749K [0x00000000c0000000, 0x0000000100000000)
  region size 1024K, 1 young (1024K), 0 survivors (0K)
 Metaspace       used 38343K, committed 38912K, reserved 1114112K
  class space    used 5051K, committed 5248K, reserved 1048576K
}
Event: 5431.724 GC heap after
{Heap after GC invocations=528 (full 517):
 garbage-first heap   total 55296K, used 17749K [0x00000000c0000000, 0x0000000100000000)
  region size 1024K, 0 young (0K), 0 survivors (0K)
 Metaspace       used 38343K, committed 38912K, reserved 1114112K
  class space    used 5051K, committed 5248K, reserved 1048576K
}
Event: 5441.995 GC heap before
{Heap before GC invocations=528 (full 517):
 garbage-first heap   total 55296K, used 17749K [0x00000000c0000000, 0x0000000100000000)
  region size 1024K, 1 young (1024K), 0 survivors (0K)
 Metaspace       used 38343K, committed 38912K, reserved 1114112K
  class space    used 5051K, committed 5248K, reserved 1048576K
}
Event: 5442.017 GC heap after
{Heap after GC invocations=529 (full 518):
 garbage-first heap   total 55296K, used 17749K [0x00000000c0000000, 0x0000000100000000)
  region size 1024K, 0 young (0K), 0 survivors (0K)
 Metaspace       used 38343K, committed 38912K, reserved 1114112K
  class space    used 5051K, committed 5248K, reserved 1048576K
}
Event: 5452.298 GC heap before
{Heap before GC invocations=529 (full 518):
 garbage-first heap   total 55296K, used 17749K [0x00000000c0000000, 0x0000000100000000)
  region size 1024K, 1 young (1024K), 0 survivors (0K)
 Metaspace       used 38343K, committed 38912K, reserved 1114112K
  class space    used 5051K, committed 5248K, reserved 1048576K
}
Event: 5452.319 GC heap after
{Heap after GC invocations=530 (full 519):
 garbage-first heap   total 55296K, used 17749K [0x00000000c0000000, 0x0000000100000000)
  region size 1024K, 0 young (0K), 0 survivors (0K)
 Metaspace       used 38343K, committed 38912K, reserved 1114112K
  class space    used 5051K, committed 5248K, reserved 1048576K
}
Event: 5462.579 GC heap before
{Heap before GC invocations=530 (full 519):
 garbage-first heap   total 55296K, used 17749K [0x00000000c0000000, 0x0000000100000000)
  region size 1024K, 1 young (1024K), 0 survivors (0K)
 Metaspace       used 38343K, committed 38912K, reserved 1114112K
  class space    used 5051K, committed 5248K, reserved 1048576K
}
Event: 5462.598 GC heap after
{Heap after GC invocations=531 (full 520):
 garbage-first heap   total 55296K, used 17749K [0x00000000c0000000, 0x0000000100000000)
  region size 1024K, 0 young (0K), 0 survivors (0K)
 Metaspace       used 38343K, committed 38912K, reserved 1114112K
  class space    used 5051K, committed 5248K, reserved 1048576K
}
Event: 5472.923 GC heap before
{Heap before GC invocations=531 (full 520):
 garbage-first heap   total 55296K, used 17749K [0x00000000c0000000, 0x0000000100000000)
  region size 1024K, 1 young (1024K), 0 survivors (0K)
 Metaspace       used 38343K, committed 38912K, reserved 1114112K
  class space    used 5051K, committed 5248K, reserved 1048576K
}
Event: 5472.943 GC heap after
{Heap after GC invocations=532 (full 521):
 garbage-first heap   total 55296K, used 17749K [0x00000000c0000000, 0x0000000100000000)
  region size 1024K, 0 young (0K), 0 survivors (0K)
 Metaspace       used 38343K, committed 38912K, reserved 1114112K
  class space    used 5051K, committed 5248K, reserved 1048576K
}
Event: 5483.245 GC heap before
{Heap before GC invocations=532 (full 521):
 garbage-first heap   total 55296K, used 17749K [0x00000000c0000000, 0x0000000100000000)
  region size 1024K, 1 young (1024K), 0 survivors (0K)
 Metaspace       used 38343K, committed 38912K, reserved 1114112K
  class space    used 5051K, committed 5248K, reserved 1048576K
}
Event: 5483.266 GC heap after
{Heap after GC invocations=533 (full 522):
 garbage-first heap   total 55296K, used 17749K [0x00000000c0000000, 0x0000000100000000)
  region size 1024K, 0 young (0K), 0 survivors (0K)
 Metaspace       used 38343K, committed 38912K, reserved 1114112K
  class space    used 5051K, committed 5248K, reserved 1048576K
}
Event: 5493.699 GC heap before
{Heap before GC invocations=533 (full 522):
 garbage-first heap   total 55296K, used 17749K [0x00000000c0000000, 0x0000000100000000)
  region size 1024K, 1 young (1024K), 0 survivors (0K)
 Metaspace       used 38343K, committed 38912K, reserved 1114112K
  class space    used 5051K, committed 5248K, reserved 1048576K
}
Event: 5493.724 GC heap after
{Heap after GC invocations=534 (full 523):
 garbage-first heap   total 55296K, used 17749K [0x00000000c0000000, 0x0000000100000000)
  region size 1024K, 0 young (0K), 0 survivors (0K)
 Metaspace       used 38343K, committed 38912K, reserved 1114112K
  class space    used 5051K, committed 5248K, reserved 1048576K
}

