# JRE version: OpenJDK Runtime Environment Temurin-17.0.8.1+1 (17.0.8.1+1) (build 17.0.8.1+1)
# Java VM: OpenJDK 64-Bit Server VM Temurin-17.0.8.1+1 (17.0.8.1+1, mixed mode, emulated-client, tiered, compressed oops, compressed class ptrs, g1 gc, windows-amd64)
GC Precious Log:
 CPUs: 8 total, 8 available
 Memory: 6021M
 Large Page Support: Disabled
 NUMA Support: Disabled
 Compressed Oops: Enabled (32-bit)
 Heap Region Size: 1M
 Heap Min Capacity: 8M
 Heap Initial Capacity: 96M
 Heap Max Capacity: 1G
 Pre-touch: Disabled
 Parallel Workers: 8
 Concurrent Workers: 2
 Concurrent Refinement Workers: 8
 Periodic GC: Disabled
Heap:
 garbage-first heap   total 83968K, used 31598K [0x00000000c0000000, 0x0000000100000000)
  region size 1024K, 1 young (1024K), 0 survivors (0K)
 Metaspace       used 59953K, committed 60352K, reserved 1114112K
  class space    used 7494K, committed 7680K, reserved 1048576K
GC Heap History (20 events):
Event: 7678.381 GC heap before
{Heap before GC invocations=665 (full 593):
 garbage-first heap   total 83968K, used 31608K [0x00000000c0000000, 0x0000000100000000)
  region size 1024K, 1 young (1024K), 0 survivors (0K)
 Metaspace       used 59953K, committed 60352K, reserved 1114112K
  class space    used 7494K, committed 7680K, reserved 1048576K
}
Event: 7678.427 GC heap after
{Heap after GC invocations=666 (full 594):
 garbage-first heap   total 83968K, used 31608K [0x00000000c0000000, 0x0000000100000000)
  region size 1024K, 0 young (0K), 0 survivors (0K)
 Metaspace       used 59953K, committed 60352K, reserved 1114112K
  class space    used 7494K, committed 7680K, reserved 1048576K
}
Event: 7688.718 GC heap before
{Heap before GC invocations=666 (full 594):
 garbage-first heap   total 83968K, used 31608K [0x00000000c0000000, 0x0000000100000000)
  region size 1024K, 1 young (1024K), 0 survivors (0K)
 Metaspace       used 59953K, committed 60352K, reserved 1114112K
  class space    used 7494K, committed 7680K, reserved 1048576K
}
Event: 7688.776 GC heap after
{Heap after GC invocations=667 (full 595):
 garbage-first heap   total 83968K, used 31608K [0x00000000c0000000, 0x0000000100000000)
  region size 1024K, 0 young (0K), 0 survivors (0K)
 Metaspace       used 59953K, committed 60352K, reserved 1114112K
  class space    used 7494K, committed 7680K, reserved 1048576K
}
Event: 7729.282 GC heap before
{Heap before GC invocations=667 (full 595):
 garbage-first heap   total 83968K, used 34680K [0x00000000c0000000, 0x0000000100000000)
  region size 1024K, 4 young (4096K), 0 survivors (0K)
 Metaspace       used 59953K, committed 60352K, reserved 1114112K
  class space    used 7494K, committed 7680K, reserved 1048576K
}
Event: 7729.479 GC heap after
{Heap after GC invocations=668 (full 596):
 garbage-first heap   total 83968K, used 31608K [0x00000000c0000000, 0x0000000100000000)
  region size 1024K, 0 young (0K), 0 survivors (0K)
 Metaspace       used 59953K, committed 60352K, reserved 1114112K
  class space    used 7494K, committed 7680K, reserved 1048576K
}
Event: 7741.130 GC heap before
{Heap before GC invocations=668 (full 596):
 garbage-first heap   total 83968K, used 31608K [0x00000000c0000000, 0x0000000100000000)
  region size 1024K, 1 young (1024K), 0 survivors (0K)
 Metaspace       used 59953K, committed 60352K, reserved 1114112K
  class space    used 7494K, committed 7680K, reserved 1048576K
}
Event: 7741.194 GC heap after
{Heap after GC invocations=669 (full 597):
 garbage-first heap   total 83968K, used 31608K [0x00000000c0000000, 0x0000000100000000)
  region size 1024K, 0 young (0K), 0 survivors (0K)
 Metaspace       used 59953K, committed 60352K, reserved 1114112K
  class space    used 7494K, committed 7680K, reserved 1048576K
}
Event: 7751.762 GC heap before
{Heap before GC invocations=669 (full 597):
 garbage-first heap   total 83968K, used 31608K [0x00000000c0000000, 0x0000000100000000)
  region size 1024K, 1 young (1024K), 0 survivors (0K)
 Metaspace       used 59953K, committed 60352K, reserved 1114112K
  class space    used 7494K, committed 7680K, reserved 1048576K
}
Event: 7751.828 GC heap after
{Heap after GC invocations=670 (full 598):
 garbage-first heap   total 83968K, used 31598K [0x00000000c0000000, 0x0000000100000000)
  region size 1024K, 0 young (0K), 0 survivors (0K)
 Metaspace       used 59953K, committed 60352K, reserved 1114112K
  class space    used 7494K, committed 7680K, reserved 1048576K
}
Event: 7762.428 GC heap before
{Heap before GC invocations=670 (full 598):
 garbage-first heap   total 83968K, used 31598K [0x00000000c0000000, 0x0000000100000000)
  region size 1024K, 1 young (1024K), 0 survivors (0K)
 Metaspace       used 59953K, committed 60352K, reserved 1114112K
  class space    used 7494K, committed 7680K, reserved 1048576K
}
Event: 7762.486 GC heap after
{Heap after GC invocations=671 (full 599):
 garbage-first heap   total 83968K, used 31598K [0x00000000c0000000, 0x0000000100000000)
  region size 1024K, 0 young (0K), 0 survivors (0K)
 Metaspace       used 59953K, committed 60352K, reserved 1114112K
  class space    used 7494K, committed 7680K, reserved 1048576K
}
Event: 7772.947 GC heap before
{Heap before GC invocations=671 (full 599):
 garbage-first heap   total 83968K, used 31598K [0x00000000c0000000, 0x0000000100000000)
  region size 1024K, 1 young (1024K), 0 survivors (0K)
 Metaspace       used 59953K, committed 60352K, reserved 1114112K
  class space    used 7494K, committed 7680K, reserved 1048576K
}
Event: 7773.014 GC heap after
{Heap after GC invocations=672 (full 600):
 garbage-first heap   total 83968K, used 31598K [0x00000000c0000000, 0x0000000100000000)
  region size 1024K, 0 young (0K), 0 survivors (0K)
 Metaspace       used 59953K, committed 60352K, reserved 1114112K
  class space    used 7494K, committed 7680K, reserved 1048576K
}
Event: 7783.858 GC heap before
{Heap before GC invocations=672 (full 600):
 garbage-first heap   total 83968K, used 31598K [0x00000000c0000000, 0x0000000100000000)
  region size 1024K, 1 young (1024K), 0 survivors (0K)
 Metaspace       used 59953K, committed 60352K, reserved 1114112K
  class space    used 7494K, committed 7680K, reserved 1048576K
}
Event: 7783.923 GC heap after
{Heap after GC invocations=673 (full 601):
 garbage-first heap   total 83968K, used 31598K [0x00000000c0000000, 0x0000000100000000)
  region size 1024K, 0 young (0K), 0 survivors (0K)
 Metaspace       used 59953K, committed 60352K, reserved 1114112K
  class space    used 7494K, committed 7680K, reserved 1048576K
}
Event: 7794.379 GC heap before
{Heap before GC invocations=673 (full 601):
 garbage-first heap   total 83968K, used 31598K [0x00000000c0000000, 0x0000000100000000)
  region size 1024K, 1 young (1024K), 0 survivors (0K)
 Metaspace       used 59953K, committed 60352K, reserved 1114112K
  class space    used 7494K, committed 7680K, reserved 1048576K
}
Event: 7794.429 GC heap after
{Heap after GC invocations=674 (full 602):
 garbage-first heap   total 83968K, used 31598K [0x00000000c0000000, 0x0000000100000000)
  region size 1024K, 0 young (0K), 0 survivors (0K)
 Metaspace       used 59953K, committed 60352K, reserved 1114112K
  class space    used 7494K, committed 7680K, reserved 1048576K
}
Event: 7804.909 GC heap before
{Heap before GC invocations=674 (full 602):
 garbage-first heap   total 83968K, used 31598K [0x00000000c0000000, 0x0000000100000000)
  region size 1024K, 1 young (1024K), 0 survivors (0K)
 Metaspace       used 59953K, committed 60352K, reserved 1114112K
  class space    used 7494K, committed 7680K, reserved 1048576K
}
Event: 7804.984 GC heap after
{Heap after GC invocations=675 (full 603):
 garbage-first heap   total 83968K, used 31598K [0x00000000c0000000, 0x0000000100000000)
  region size 1024K, 0 young (0K), 0 survivors (0K)
 Metaspace       used 59953K, committed 60352K, reserved 1114112K
  class space    used 7494K, committed 7680K, reserved 1048576K
}

