# JRE version: OpenJDK Runtime Environment Temurin-17.0.8.1+1 (17.0.8.1+1) (build 17.0.8.1+1)
# Java VM: OpenJDK 64-Bit Server VM Temurin-17.0.8.1+1 (17.0.8.1+1, mixed mode, tiered, compressed oops, compressed class ptrs, parallel gc, windows-amd64)
GC Precious Log:
 CPUs: 8 total, 8 available
 Memory: 6021M
 Large Page Support: Disabled
 NUMA Support: Disabled
 Compressed Oops: Enabled (32-bit)
 Alignments: Space 512K, Generation 512K, Heap 2M
 Heap Min Capacity: 100M
 Heap Initial Capacity: 100M
 Heap Max Capacity: 1G
 Pre-touch: Disabled
 Parallel Workers: 8
Heap:
 PSYoungGen      total 12800K, used 12282K [0x00000000eab00000, 0x00000000ebe80000, 0x0000000100000000)
  eden space 12288K, 99% used [0x00000000eab00000,0x00000000eb6fe940,0x00000000eb700000)
  from space 512K, 0% used [0x00000000eb880000,0x00000000eb880000,0x00000000eb900000)
  to   space 3584K, 0% used [0x00000000eba80000,0x00000000eba80000,0x00000000ebe00000)
 ParOldGen       total 88576K, used 88362K [0x00000000c0000000, 0x00000000eab00000, 0x00000000eab00000)
  object space 88576K, 99% used [0x00000000c0000000,0x00000000c564abe8,0x00000000c5680000)
 Metaspace       used 64405K, committed 65664K, reserved 1114112K
  class space    used 6857K, committed 7424K, reserved 1048576K
GC Heap History (20 events):
Event: 18.217 GC heap after
{Heap after GC invocations=105 (full 54):
 PSYoungGen      total 12800K, used 12211K [0x00000000eab00000, 0x00000000ebe80000, 0x0000000100000000)
  eden space 12288K, 99% used [0x00000000eab00000,0x00000000eb6ecd88,0x00000000eb700000)
  from space 512K, 0% used [0x00000000eb880000,0x00000000eb880000,0x00000000eb900000)
  to   space 3584K, 0% used [0x00000000eba80000,0x00000000eba80000,0x00000000ebe00000)
 ParOldGen       total 88576K, used 88362K [0x00000000c0000000, 0x00000000c5680000, 0x00000000eab00000)
  object space 88576K, 99% used [0x00000000c0000000,0x00000000c564abe8,0x00000000c5680000)
 Metaspace       used 64405K, committed 65664K, reserved 1114112K
  class space    used 6857K, committed 7424K, reserved 1048576K
}
Event: 18.217 GC heap before
{Heap before GC invocations=106 (full 55):
 PSYoungGen      total 12800K, used 12288K [0x00000000eab00000, 0x00000000ebe80000, 0x0000000100000000)
  eden space 12288K, 100% used [0x00000000eab00000,0x00000000eb700000,0x00000000eb700000)
  from space 512K, 0% used [0x00000000eb880000,0x00000000eb880000,0x00000000eb900000)
  to   space 3584K, 0% used [0x00000000eba80000,0x00000000eba80000,0x00000000ebe00000)
 ParOldGen       total 88576K, used 88362K [0x00000000c0000000, 0x00000000c5680000, 0x00000000eab00000)
  object space 88576K, 99% used [0x00000000c0000000,0x00000000c564abe8,0x00000000c5680000)
 Metaspace       used 64405K, committed 65664K, reserved 1114112K
  class space    used 6857K, committed 7424K, reserved 1048576K
}
Event: 18.269 GC heap after
{Heap after GC invocations=106 (full 55):
 PSYoungGen      total 15872K, used 12220K [0x00000000eab00000, 0x00000000ebe80000, 0x0000000100000000)
  eden space 12288K, 99% used [0x00000000eab00000,0x00000000eb6ef3d0,0x00000000eb700000)
  from space 3584K, 0% used [0x00000000eba80000,0x00000000eba80000,0x00000000ebe00000)
  to   space 512K, 0% used [0x00000000eb880000,0x00000000eb880000,0x00000000eb900000)
 ParOldGen       total 88576K, used 88362K [0x00000000c0000000, 0x00000000c5680000, 0x00000000eab00000)
  object space 88576K, 99% used [0x00000000c0000000,0x00000000c564abe8,0x00000000c5680000)
 Metaspace       used 64405K, committed 65664K, reserved 1114112K
  class space    used 6857K, committed 7424K, reserved 1048576K
}
Event: 18.270 GC heap before
{Heap before GC invocations=107 (full 56):
 PSYoungGen      total 15872K, used 12288K [0x00000000eab00000, 0x00000000ebe80000, 0x0000000100000000)
  eden space 12288K, 100% used [0x00000000eab00000,0x00000000eb700000,0x00000000eb700000)
  from space 3584K, 0% used [0x00000000eba80000,0x00000000eba80000,0x00000000ebe00000)
  to   space 512K, 0% used [0x00000000eb880000,0x00000000eb880000,0x00000000eb900000)
 ParOldGen       total 88576K, used 88362K [0x00000000c0000000, 0x00000000c5680000, 0x00000000eab00000)
  object space 88576K, 99% used [0x00000000c0000000,0x00000000c564abe8,0x00000000c5680000)
 Metaspace       used 64405K, committed 65664K, reserved 1114112K
  class space    used 6857K, committed 7424K, reserved 1048576K
}
Event: 18.328 GC heap after
{Heap after GC invocations=107 (full 56):
 PSYoungGen      total 12800K, used 12216K [0x00000000eab00000, 0x00000000ebe80000, 0x0000000100000000)
  eden space 12288K, 99% used [0x00000000eab00000,0x00000000eb6ee1e0,0x00000000eb700000)
  from space 512K, 0% used [0x00000000eb880000,0x00000000eb880000,0x00000000eb900000)
  to   space 3584K, 0% used [0x00000000eba80000,0x00000000eba80000,0x00000000ebe00000)
 ParOldGen       total 88576K, used 88362K [0x00000000c0000000, 0x00000000c5680000, 0x00000000eab00000)
  object space 88576K, 99% used [0x00000000c0000000,0x00000000c564abe8,0x00000000c5680000)
 Metaspace       used 64405K, committed 65664K, reserved 1114112K
  class space    used 6857K, committed 7424K, reserved 1048576K
}
Event: 18.332 GC heap before
{Heap before GC invocations=108 (full 57):
 PSYoungGen      total 12800K, used 12288K [0x00000000eab00000, 0x00000000ebe80000, 0x0000000100000000)
  eden space 12288K, 100% used [0x00000000eab00000,0x00000000eb700000,0x00000000eb700000)
  from space 512K, 0% used [0x00000000eb880000,0x00000000eb880000,0x00000000eb900000)
  to   space 3584K, 0% used [0x00000000eba80000,0x00000000eba80000,0x00000000ebe00000)
 ParOldGen       total 88576K, used 88362K [0x00000000c0000000, 0x00000000c5680000, 0x00000000eab00000)
  object space 88576K, 99% used [0x00000000c0000000,0x00000000c564abe8,0x00000000c5680000)
 Metaspace       used 64405K, committed 65664K, reserved 1114112K
  class space    used 6857K, committed 7424K, reserved 1048576K
}
Event: 18.388 GC heap after
{Heap after GC invocations=108 (full 57):
 PSYoungGen      total 15872K, used 12238K [0x00000000eab00000, 0x00000000ebe80000, 0x0000000100000000)
  eden space 12288K, 99% used [0x00000000eab00000,0x00000000eb6f38c8,0x00000000eb700000)
  from space 3584K, 0% used [0x00000000eba80000,0x00000000eba80000,0x00000000ebe00000)
  to   space 512K, 0% used [0x00000000eb880000,0x00000000eb880000,0x00000000eb900000)
 ParOldGen       total 88576K, used 88362K [0x00000000c0000000, 0x00000000c5680000, 0x00000000eab00000)
  object space 88576K, 99% used [0x00000000c0000000,0x00000000c564abe8,0x00000000c5680000)
 Metaspace       used 64405K, committed 65664K, reserved 1114112K
  class space    used 6857K, committed 7424K, reserved 1048576K
}
Event: 18.389 GC heap before
{Heap before GC invocations=109 (full 58):
 PSYoungGen      total 15872K, used 12287K [0x00000000eab00000, 0x00000000ebe80000, 0x0000000100000000)
  eden space 12288K, 99% used [0x00000000eab00000,0x00000000eb6fffe8,0x00000000eb700000)
  from space 3584K, 0% used [0x00000000eba80000,0x00000000eba80000,0x00000000ebe00000)
  to   space 512K, 0% used [0x00000000eb880000,0x00000000eb880000,0x00000000eb900000)
 ParOldGen       total 88576K, used 88362K [0x00000000c0000000, 0x00000000c5680000, 0x00000000eab00000)
  object space 88576K, 99% used [0x00000000c0000000,0x00000000c564abe8,0x00000000c5680000)
 Metaspace       used 64405K, committed 65664K, reserved 1114112K
  class space    used 6857K, committed 7424K, reserved 1048576K
}
Event: 18.440 GC heap after
{Heap after GC invocations=109 (full 58):
 PSYoungGen      total 12800K, used 12268K [0x00000000eab00000, 0x00000000ebe80000, 0x0000000100000000)
  eden space 12288K, 99% used [0x00000000eab00000,0x00000000eb6fb1e8,0x00000000eb700000)
  from space 512K, 0% used [0x00000000eb880000,0x00000000eb880000,0x00000000eb900000)
  to   space 3584K, 0% used [0x00000000eba80000,0x00000000eba80000,0x00000000ebe00000)
 ParOldGen       total 88576K, used 88362K [0x00000000c0000000, 0x00000000c5680000, 0x00000000eab00000)
  object space 88576K, 99% used [0x00000000c0000000,0x00000000c564abe8,0x00000000c5680000)
 Metaspace       used 64405K, committed 65664K, reserved 1114112K
  class space    used 6857K, committed 7424K, reserved 1048576K
}
Event: 18.441 GC heap before
{Heap before GC invocations=110 (full 59):
 PSYoungGen      total 12800K, used 12287K [0x00000000eab00000, 0x00000000ebe80000, 0x0000000100000000)
  eden space 12288K, 99% used [0x00000000eab00000,0x00000000eb6fffe0,0x00000000eb700000)
  from space 512K, 0% used [0x00000000eb880000,0x00000000eb880000,0x00000000eb900000)
  to   space 3584K, 0% used [0x00000000eba80000,0x00000000eba80000,0x00000000ebe00000)
 ParOldGen       total 88576K, used 88362K [0x00000000c0000000, 0x00000000c5680000, 0x00000000eab00000)
  object space 88576K, 99% used [0x00000000c0000000,0x00000000c564abe8,0x00000000c5680000)
 Metaspace       used 64405K, committed 65664K, reserved 1114112K
  class space    used 6857K, committed 7424K, reserved 1048576K
}
Event: 18.491 GC heap after
{Heap after GC invocations=110 (full 59):
 PSYoungGen      total 15872K, used 12272K [0x00000000eab00000, 0x00000000ebe80000, 0x0000000100000000)
  eden space 12288K, 99% used [0x00000000eab00000,0x00000000eb6fc1e0,0x00000000eb700000)
  from space 3584K, 0% used [0x00000000eba80000,0x00000000eba80000,0x00000000ebe00000)
  to   space 512K, 0% used [0x00000000eb880000,0x00000000eb880000,0x00000000eb900000)
 ParOldGen       total 88576K, used 88362K [0x00000000c0000000, 0x00000000c5680000, 0x00000000eab00000)
  object space 88576K, 99% used [0x00000000c0000000,0x00000000c564abe8,0x00000000c5680000)
 Metaspace       used 64405K, committed 65664K, reserved 1114112K
  class space    used 6857K, committed 7424K, reserved 1048576K
}
Event: 18.492 GC heap before
{Heap before GC invocations=111 (full 60):
 PSYoungGen      total 15872K, used 12288K [0x00000000eab00000, 0x00000000ebe80000, 0x0000000100000000)
  eden space 12288K, 100% used [0x00000000eab00000,0x00000000eb700000,0x00000000eb700000)
  from space 3584K, 0% used [0x00000000eba80000,0x00000000eba80000,0x00000000ebe00000)
  to   space 512K, 0% used [0x00000000eb880000,0x00000000eb880000,0x00000000eb900000)
 ParOldGen       total 88576K, used 88362K [0x00000000c0000000, 0x00000000c5680000, 0x00000000eab00000)
  object space 88576K, 99% used [0x00000000c0000000,0x00000000c564abe8,0x00000000c5680000)
 Metaspace       used 64405K, committed 65664K, reserved 1114112K
  class space    used 6857K, committed 7424K, reserved 1048576K
}
Event: 18.542 GC heap after
{Heap after GC invocations=111 (full 60):
 PSYoungGen      total 12800K, used 12277K [0x00000000eab00000, 0x00000000ebe80000, 0x0000000100000000)
  eden space 12288K, 99% used [0x00000000eab00000,0x00000000eb6fd718,0x00000000eb700000)
  from space 512K, 0% used [0x00000000eb880000,0x00000000eb880000,0x00000000eb900000)
  to   space 3584K, 0% used [0x00000000eba80000,0x00000000eba80000,0x00000000ebe00000)
 ParOldGen       total 88576K, used 88362K [0x00000000c0000000, 0x00000000c5680000, 0x00000000eab00000)
  object space 88576K, 99% used [0x00000000c0000000,0x00000000c564abe8,0x00000000c5680000)
 Metaspace       used 64405K, committed 65664K, reserved 1114112K
  class space    used 6857K, committed 7424K, reserved 1048576K
}
Event: 18.542 GC heap before
{Heap before GC invocations=112 (full 61):
 PSYoungGen      total 12800K, used 12288K [0x00000000eab00000, 0x00000000ebe80000, 0x0000000100000000)
  eden space 12288K, 100% used [0x00000000eab00000,0x00000000eb700000,0x00000000eb700000)
  from space 512K, 0% used [0x00000000eb880000,0x00000000eb880000,0x00000000eb900000)
  to   space 3584K, 0% used [0x00000000eba80000,0x00000000eba80000,0x00000000ebe00000)
 ParOldGen       total 88576K, used 88362K [0x00000000c0000000, 0x00000000c5680000, 0x00000000eab00000)
  object space 88576K, 99% used [0x00000000c0000000,0x00000000c564abe8,0x00000000c5680000)
 Metaspace       used 64405K, committed 65664K, reserved 1114112K
  class space    used 6857K, committed 7424K, reserved 1048576K
}
Event: 18.592 GC heap after
{Heap after GC invocations=112 (full 61):
 PSYoungGen      total 15872K, used 12278K [0x00000000eab00000, 0x00000000ebe80000, 0x0000000100000000)
  eden space 12288K, 99% used [0x00000000eab00000,0x00000000eb6fdb18,0x00000000eb700000)
  from space 3584K, 0% used [0x00000000eba80000,0x00000000eba80000,0x00000000ebe00000)
  to   space 512K, 0% used [0x00000000eb880000,0x00000000eb880000,0x00000000eb900000)
 ParOldGen       total 88576K, used 88362K [0x00000000c0000000, 0x00000000c5680000, 0x00000000eab00000)
  object space 88576K, 99% used [0x00000000c0000000,0x00000000c564abe8,0x00000000c5680000)
 Metaspace       used 64405K, committed 65664K, reserved 1114112K
  class space    used 6857K, committed 7424K, reserved 1048576K
}
Event: 18.592 GC heap before
{Heap before GC invocations=113 (full 62):
 PSYoungGen      total 15872K, used 12287K [0x00000000eab00000, 0x00000000ebe80000, 0x0000000100000000)
  eden space 12288K, 99% used [0x00000000eab00000,0x00000000eb6ffff8,0x00000000eb700000)
  from space 3584K, 0% used [0x00000000eba80000,0x00000000eba80000,0x00000000ebe00000)
  to   space 512K, 0% used [0x00000000eb880000,0x00000000eb880000,0x00000000eb900000)
 ParOldGen       total 88576K, used 88362K [0x00000000c0000000, 0x00000000c5680000, 0x00000000eab00000)
  object space 88576K, 99% used [0x00000000c0000000,0x00000000c564abe8,0x00000000c5680000)
 Metaspace       used 64405K, committed 65664K, reserved 1114112K
  class space    used 6857K, committed 7424K, reserved 1048576K
}
Event: 18.645 GC heap after
{Heap after GC invocations=113 (full 62):
 PSYoungGen      total 12800K, used 12280K [0x00000000eab00000, 0x00000000ebe80000, 0x0000000100000000)
  eden space 12288K, 99% used [0x00000000eab00000,0x00000000eb6fe3e0,0x00000000eb700000)
  from space 512K, 0% used [0x00000000eb880000,0x00000000eb880000,0x00000000eb900000)
  to   space 3584K, 0% used [0x00000000eba80000,0x00000000eba80000,0x00000000ebe00000)
 ParOldGen       total 88576K, used 88362K [0x00000000c0000000, 0x00000000c5680000, 0x00000000eab00000)
  object space 88576K, 99% used [0x00000000c0000000,0x00000000c564abe8,0x00000000c5680000)
 Metaspace       used 64405K, committed 65664K, reserved 1114112K
  class space    used 6857K, committed 7424K, reserved 1048576K
}
Event: 18.645 GC heap before
{Heap before GC invocations=114 (full 63):
 PSYoungGen      total 12800K, used 12287K [0x00000000eab00000, 0x00000000ebe80000, 0x0000000100000000)
  eden space 12288K, 99% used [0x00000000eab00000,0x00000000eb6ffff8,0x00000000eb700000)
  from space 512K, 0% used [0x00000000eb880000,0x00000000eb880000,0x00000000eb900000)
  to   space 3584K, 0% used [0x00000000eba80000,0x00000000eba80000,0x00000000ebe00000)
 ParOldGen       total 88576K, used 88362K [0x00000000c0000000, 0x00000000c5680000, 0x00000000eab00000)
  object space 88576K, 99% used [0x00000000c0000000,0x00000000c564abe8,0x00000000c5680000)
 Metaspace       used 64405K, committed 65664K, reserved 1114112K
  class space    used 6857K, committed 7424K, reserved 1048576K
}
Event: 18.697 GC heap after
{Heap after GC invocations=114 (full 63):
 PSYoungGen      total 15872K, used 12281K [0x00000000eab00000, 0x00000000ebe80000, 0x0000000100000000)
  eden space 12288K, 99% used [0x00000000eab00000,0x00000000eb6fe5c0,0x00000000eb700000)
  from space 3584K, 0% used [0x00000000eba80000,0x00000000eba80000,0x00000000ebe00000)
  to   space 512K, 0% used [0x00000000eb880000,0x00000000eb880000,0x00000000eb900000)
 ParOldGen       total 88576K, used 88362K [0x00000000c0000000, 0x00000000c5680000, 0x00000000eab00000)
  object space 88576K, 99% used [0x00000000c0000000,0x00000000c564abe8,0x00000000c5680000)
 Metaspace       used 64405K, committed 65664K, reserved 1114112K
  class space    used 6857K, committed 7424K, reserved 1048576K
}
Event: 18.698 GC heap before
{Heap before GC invocations=115 (full 64):
 PSYoungGen      total 15872K, used 12288K [0x00000000eab00000, 0x00000000ebe80000, 0x0000000100000000)
  eden space 12288K, 100% used [0x00000000eab00000,0x00000000eb700000,0x00000000eb700000)
  from space 3584K, 0% used [0x00000000eba80000,0x00000000eba80000,0x00000000ebe00000)
  to   space 512K, 0% used [0x00000000eb880000,0x00000000eb880000,0x00000000eb900000)
 ParOldGen       total 88576K, used 88362K [0x00000000c0000000, 0x00000000c5680000, 0x00000000eab00000)
  object space 88576K, 99% used [0x00000000c0000000,0x00000000c564abe8,0x00000000c5680000)
 Metaspace       used 64405K, committed 65664K, reserved 1114112K
  class space    used 6857K, committed 7424K, reserved 1048576K
}

