# JRE version: OpenJDK Runtime Environment Temurin-17.0.8.1+1 (17.0.8.1+1) (build 17.0.8.1+1)
# Java VM: OpenJDK 64-Bit Server VM Temurin-17.0.8.1+1 (17.0.8.1+1, mixed mode, emulated-client, tiered, compressed oops, compressed class ptrs, g1 gc, windows-amd64)
GC Precious Log:
 CPUs: 8 total, 8 available
 Memory: 6021M
 Large Page Support: Disabled
 NUMA Support: Disabled
 Compressed Oops: Enabled (32-bit)
 Heap Region Size: 1M
 Heap Min Capacity: 8M
 Heap Initial Capacity: 96M
 Heap Max Capacity: 1G
 Pre-touch: Disabled
 Parallel Workers: 8
 Concurrent Workers: 2
 Concurrent Refinement Workers: 8
 Periodic GC: Disabled
Heap:
 garbage-first heap   total 89088K, used 32185K [0x00000000c0000000, 0x0000000100000000)
  region size 1024K, 1 young (1024K), 0 survivors (0K)
 Metaspace       used 60563K, committed 61056K, reserved 1114112K
  class space    used 7602K, committed 7808K, reserved 1048576K
GC Heap History (20 events):
Event: 39381.365 GC heap before
{Heap before GC invocations=3696 (full 3173):
 garbage-first heap   total 89088K, used 32185K [0x00000000c0000000, 0x0000000100000000)
  region size 1024K, 1 young (1024K), 0 survivors (0K)
 Metaspace       used 60563K, committed 61056K, reserved 1114112K
  class space    used 7602K, committed 7808K, reserved 1048576K
}
Event: 39381.422 GC heap after
{Heap after GC invocations=3697 (full 3174):
 garbage-first heap   total 89088K, used 32185K [0x00000000c0000000, 0x0000000100000000)
  region size 1024K, 0 young (0K), 0 survivors (0K)
 Metaspace       used 60563K, committed 61056K, reserved 1114112K
  class space    used 7602K, committed 7808K, reserved 1048576K
}
Event: 39391.743 GC heap before
{Heap before GC invocations=3697 (full 3174):
 garbage-first heap   total 89088K, used 32185K [0x00000000c0000000, 0x0000000100000000)
  region size 1024K, 1 young (1024K), 0 survivors (0K)
 Metaspace       used 60563K, committed 61056K, reserved 1114112K
  class space    used 7602K, committed 7808K, reserved 1048576K
}
Event: 39391.801 GC heap after
{Heap after GC invocations=3698 (full 3175):
 garbage-first heap   total 89088K, used 32185K [0x00000000c0000000, 0x0000000100000000)
  region size 1024K, 0 young (0K), 0 survivors (0K)
 Metaspace       used 60563K, committed 61056K, reserved 1114112K
  class space    used 7602K, committed 7808K, reserved 1048576K
}
Event: 39402.399 GC heap before
{Heap before GC invocations=3698 (full 3175):
 garbage-first heap   total 89088K, used 32185K [0x00000000c0000000, 0x0000000100000000)
  region size 1024K, 1 young (1024K), 0 survivors (0K)
 Metaspace       used 60563K, committed 61056K, reserved 1114112K
  class space    used 7602K, committed 7808K, reserved 1048576K
}
Event: 39402.466 GC heap after
{Heap after GC invocations=3699 (full 3176):
 garbage-first heap   total 89088K, used 32185K [0x00000000c0000000, 0x0000000100000000)
  region size 1024K, 0 young (0K), 0 survivors (0K)
 Metaspace       used 60563K, committed 61056K, reserved 1114112K
  class space    used 7602K, committed 7808K, reserved 1048576K
}
Event: 39412.801 GC heap before
{Heap before GC invocations=3699 (full 3176):
 garbage-first heap   total 89088K, used 32185K [0x00000000c0000000, 0x0000000100000000)
  region size 1024K, 1 young (1024K), 0 survivors (0K)
 Metaspace       used 60563K, committed 61056K, reserved 1114112K
  class space    used 7602K, committed 7808K, reserved 1048576K
}
Event: 39412.858 GC heap after
{Heap after GC invocations=3700 (full 3177):
 garbage-first heap   total 89088K, used 32185K [0x00000000c0000000, 0x0000000100000000)
  region size 1024K, 0 young (0K), 0 survivors (0K)
 Metaspace       used 60563K, committed 61056K, reserved 1114112K
  class space    used 7602K, committed 7808K, reserved 1048576K
}
Event: 39423.245 GC heap before
{Heap before GC invocations=3700 (full 3177):
 garbage-first heap   total 89088K, used 32185K [0x00000000c0000000, 0x0000000100000000)
  region size 1024K, 1 young (1024K), 0 survivors (0K)
 Metaspace       used 60563K, committed 61056K, reserved 1114112K
  class space    used 7602K, committed 7808K, reserved 1048576K
}
Event: 39423.317 GC heap after
{Heap after GC invocations=3701 (full 3178):
 garbage-first heap   total 89088K, used 32185K [0x00000000c0000000, 0x0000000100000000)
  region size 1024K, 0 young (0K), 0 survivors (0K)
 Metaspace       used 60563K, committed 61056K, reserved 1114112K
  class space    used 7602K, committed 7808K, reserved 1048576K
}
Event: 39433.724 GC heap before
{Heap before GC invocations=3701 (full 3178):
 garbage-first heap   total 89088K, used 32185K [0x00000000c0000000, 0x0000000100000000)
  region size 1024K, 1 young (1024K), 0 survivors (0K)
 Metaspace       used 60563K, committed 61056K, reserved 1114112K
  class space    used 7602K, committed 7808K, reserved 1048576K
}
Event: 39433.788 GC heap after
{Heap after GC invocations=3702 (full 3179):
 garbage-first heap   total 89088K, used 32185K [0x00000000c0000000, 0x0000000100000000)
  region size 1024K, 0 young (0K), 0 survivors (0K)
 Metaspace       used 60563K, committed 61056K, reserved 1114112K
  class space    used 7602K, committed 7808K, reserved 1048576K
}
Event: 39444.167 GC heap before
{Heap before GC invocations=3702 (full 3179):
 garbage-first heap   total 89088K, used 32185K [0x00000000c0000000, 0x0000000100000000)
  region size 1024K, 1 young (1024K), 0 survivors (0K)
 Metaspace       used 60563K, committed 61056K, reserved 1114112K
  class space    used 7602K, committed 7808K, reserved 1048576K
}
Event: 39444.228 GC heap after
{Heap after GC invocations=3703 (full 3180):
 garbage-first heap   total 89088K, used 32185K [0x00000000c0000000, 0x0000000100000000)
  region size 1024K, 0 young (0K), 0 survivors (0K)
 Metaspace       used 60563K, committed 61056K, reserved 1114112K
  class space    used 7602K, committed 7808K, reserved 1048576K
}
Event: 39454.702 GC heap before
{Heap before GC invocations=3703 (full 3180):
 garbage-first heap   total 89088K, used 32185K [0x00000000c0000000, 0x0000000100000000)
  region size 1024K, 1 young (1024K), 0 survivors (0K)
 Metaspace       used 60563K, committed 61056K, reserved 1114112K
  class space    used 7602K, committed 7808K, reserved 1048576K
}
Event: 39454.772 GC heap after
{Heap after GC invocations=3704 (full 3181):
 garbage-first heap   total 89088K, used 32185K [0x00000000c0000000, 0x0000000100000000)
  region size 1024K, 0 young (0K), 0 survivors (0K)
 Metaspace       used 60563K, committed 61056K, reserved 1114112K
  class space    used 7602K, committed 7808K, reserved 1048576K
}
Event: 39465.223 GC heap before
{Heap before GC invocations=3704 (full 3181):
 garbage-first heap   total 89088K, used 32185K [0x00000000c0000000, 0x0000000100000000)
  region size 1024K, 1 young (1024K), 0 survivors (0K)
 Metaspace       used 60563K, committed 61056K, reserved 1114112K
  class space    used 7602K, committed 7808K, reserved 1048576K
}
Event: 39465.301 GC heap after
{Heap after GC invocations=3705 (full 3182):
 garbage-first heap   total 89088K, used 32185K [0x00000000c0000000, 0x0000000100000000)
  region size 1024K, 0 young (0K), 0 survivors (0K)
 Metaspace       used 60563K, committed 61056K, reserved 1114112K
  class space    used 7602K, committed 7808K, reserved 1048576K
}
Event: 39475.958 GC heap before
{Heap before GC invocations=3705 (full 3182):
 garbage-first heap   total 89088K, used 32185K [0x00000000c0000000, 0x0000000100000000)
  region size 1024K, 1 young (1024K), 0 survivors (0K)
 Metaspace       used 60563K, committed 61056K, reserved 1114112K
  class space    used 7602K, committed 7808K, reserved 1048576K
}
Event: 39476.039 GC heap after
{Heap after GC invocations=3706 (full 3183):
 garbage-first heap   total 89088K, used 32185K [0x00000000c0000000, 0x0000000100000000)
  region size 1024K, 0 young (0K), 0 survivors (0K)
 Metaspace       used 60563K, committed 61056K, reserved 1114112K
  class space    used 7602K, committed 7808K, reserved 1048576K
}

