# JRE version: OpenJDK Runtime Environment Temurin-17.0.8.1+1 (17.0.8.1+1) (build 17.0.8.1+1)
# Java VM: OpenJDK 64-Bit Server VM Temurin-17.0.8.1+1 (17.0.8.1+1, mixed mode, emulated-client, tiered, compressed oops, compressed class ptrs, g1 gc, windows-amd64)
GC Precious Log:
 CPUs: 8 total, 8 available
 Memory: 6021M
 Large Page Support: Disabled
 NUMA Support: Disabled
 Compressed Oops: Enabled (32-bit)
 Heap Region Size: 1M
 Heap Min Capacity: 8M
 Heap Initial Capacity: 96M
 Heap Max Capacity: 1G
 Pre-touch: Disabled
 Parallel Workers: 8
 Concurrent Workers: 2
 Concurrent Refinement Workers: 8
 Periodic GC: Disabled
Heap:
 garbage-first heap   total 76800K, used 28950K [0x00000000c0000000, 0x0000000100000000)
  region size 1024K, 1 young (1024K), 0 survivors (0K)
 Metaspace       used 56700K, committed 57408K, reserved 1114112K
  class space    used 6984K, committed 7296K, reserved 1048576K
GC Heap History (20 events):
Event: 34187.219 GC heap before
{Heap before GC invocations=1811 (full 1795):
 garbage-first heap   total 76800K, used 28950K [0x00000000c0000000, 0x0000000100000000)
  region size 1024K, 1 young (1024K), 0 survivors (0K)
 Metaspace       used 56700K, committed 57408K, reserved 1114112K
  class space    used 6984K, committed 7296K, reserved 1048576K
}
Event: 34187.251 GC heap after
{Heap after GC invocations=1812 (full 1796):
 garbage-first heap   total 76800K, used 28950K [0x00000000c0000000, 0x0000000100000000)
  region size 1024K, 0 young (0K), 0 survivors (0K)
 Metaspace       used 56700K, committed 57408K, reserved 1114112K
  class space    used 6984K, committed 7296K, reserved 1048576K
}
Event: 34197.504 GC heap before
{Heap before GC invocations=1812 (full 1796):
 garbage-first heap   total 76800K, used 28950K [0x00000000c0000000, 0x0000000100000000)
  region size 1024K, 1 young (1024K), 0 survivors (0K)
 Metaspace       used 56700K, committed 57408K, reserved 1114112K
  class space    used 6984K, committed 7296K, reserved 1048576K
}
Event: 34197.534 GC heap after
{Heap after GC invocations=1813 (full 1797):
 garbage-first heap   total 76800K, used 28950K [0x00000000c0000000, 0x0000000100000000)
  region size 1024K, 0 young (0K), 0 survivors (0K)
 Metaspace       used 56700K, committed 57408K, reserved 1114112K
  class space    used 6984K, committed 7296K, reserved 1048576K
}
Event: 34207.786 GC heap before
{Heap before GC invocations=1813 (full 1797):
 garbage-first heap   total 76800K, used 28950K [0x00000000c0000000, 0x0000000100000000)
  region size 1024K, 1 young (1024K), 0 survivors (0K)
 Metaspace       used 56700K, committed 57408K, reserved 1114112K
  class space    used 6984K, committed 7296K, reserved 1048576K
}
Event: 34207.816 GC heap after
{Heap after GC invocations=1814 (full 1798):
 garbage-first heap   total 76800K, used 28950K [0x00000000c0000000, 0x0000000100000000)
  region size 1024K, 0 young (0K), 0 survivors (0K)
 Metaspace       used 56700K, committed 57408K, reserved 1114112K
  class space    used 6984K, committed 7296K, reserved 1048576K
}
Event: 34218.066 GC heap before
{Heap before GC invocations=1814 (full 1798):
 garbage-first heap   total 76800K, used 28950K [0x00000000c0000000, 0x0000000100000000)
  region size 1024K, 1 young (1024K), 0 survivors (0K)
 Metaspace       used 56700K, committed 57408K, reserved 1114112K
  class space    used 6984K, committed 7296K, reserved 1048576K
}
Event: 34218.093 GC heap after
{Heap after GC invocations=1815 (full 1799):
 garbage-first heap   total 76800K, used 28950K [0x00000000c0000000, 0x0000000100000000)
  region size 1024K, 0 young (0K), 0 survivors (0K)
 Metaspace       used 56700K, committed 57408K, reserved 1114112K
  class space    used 6984K, committed 7296K, reserved 1048576K
}
Event: 34228.362 GC heap before
{Heap before GC invocations=1815 (full 1799):
 garbage-first heap   total 76800K, used 28950K [0x00000000c0000000, 0x0000000100000000)
  region size 1024K, 1 young (1024K), 0 survivors (0K)
 Metaspace       used 56700K, committed 57408K, reserved 1114112K
  class space    used 6984K, committed 7296K, reserved 1048576K
}
Event: 34228.391 GC heap after
{Heap after GC invocations=1816 (full 1800):
 garbage-first heap   total 76800K, used 28950K [0x00000000c0000000, 0x0000000100000000)
  region size 1024K, 0 young (0K), 0 survivors (0K)
 Metaspace       used 56700K, committed 57408K, reserved 1114112K
  class space    used 6984K, committed 7296K, reserved 1048576K
}
Event: 34238.696 GC heap before
{Heap before GC invocations=1816 (full 1800):
 garbage-first heap   total 76800K, used 28950K [0x00000000c0000000, 0x0000000100000000)
  region size 1024K, 1 young (1024K), 0 survivors (0K)
 Metaspace       used 56700K, committed 57408K, reserved 1114112K
  class space    used 6984K, committed 7296K, reserved 1048576K
}
Event: 34238.736 GC heap after
{Heap after GC invocations=1817 (full 1801):
 garbage-first heap   total 76800K, used 28950K [0x00000000c0000000, 0x0000000100000000)
  region size 1024K, 0 young (0K), 0 survivors (0K)
 Metaspace       used 56700K, committed 57408K, reserved 1114112K
  class space    used 6984K, committed 7296K, reserved 1048576K
}
Event: 34249.009 GC heap before
{Heap before GC invocations=1817 (full 1801):
 garbage-first heap   total 76800K, used 28950K [0x00000000c0000000, 0x0000000100000000)
  region size 1024K, 1 young (1024K), 0 survivors (0K)
 Metaspace       used 56700K, committed 57408K, reserved 1114112K
  class space    used 6984K, committed 7296K, reserved 1048576K
}
Event: 34249.035 GC heap after
{Heap after GC invocations=1818 (full 1802):
 garbage-first heap   total 76800K, used 28950K [0x00000000c0000000, 0x0000000100000000)
  region size 1024K, 0 young (0K), 0 survivors (0K)
 Metaspace       used 56700K, committed 57408K, reserved 1114112K
  class space    used 6984K, committed 7296K, reserved 1048576K
}
Event: 34259.291 GC heap before
{Heap before GC invocations=1818 (full 1802):
 garbage-first heap   total 76800K, used 28950K [0x00000000c0000000, 0x0000000100000000)
  region size 1024K, 1 young (1024K), 0 survivors (0K)
 Metaspace       used 56700K, committed 57408K, reserved 1114112K
  class space    used 6984K, committed 7296K, reserved 1048576K
}
Event: 34259.324 GC heap after
{Heap after GC invocations=1819 (full 1803):
 garbage-first heap   total 76800K, used 28950K [0x00000000c0000000, 0x0000000100000000)
  region size 1024K, 0 young (0K), 0 survivors (0K)
 Metaspace       used 56700K, committed 57408K, reserved 1114112K
  class space    used 6984K, committed 7296K, reserved 1048576K
}
Event: 34269.593 GC heap before
{Heap before GC invocations=1819 (full 1803):
 garbage-first heap   total 76800K, used 28950K [0x00000000c0000000, 0x0000000100000000)
  region size 1024K, 1 young (1024K), 0 survivors (0K)
 Metaspace       used 56700K, committed 57408K, reserved 1114112K
  class space    used 6984K, committed 7296K, reserved 1048576K
}
Event: 34269.619 GC heap after
{Heap after GC invocations=1820 (full 1804):
 garbage-first heap   total 76800K, used 28950K [0x00000000c0000000, 0x0000000100000000)
  region size 1024K, 0 young (0K), 0 survivors (0K)
 Metaspace       used 56700K, committed 57408K, reserved 1114112K
  class space    used 6984K, committed 7296K, reserved 1048576K
}
Event: 34279.897 GC heap before
{Heap before GC invocations=1820 (full 1804):
 garbage-first heap   total 76800K, used 28950K [0x00000000c0000000, 0x0000000100000000)
  region size 1024K, 1 young (1024K), 0 survivors (0K)
 Metaspace       used 56700K, committed 57408K, reserved 1114112K
  class space    used 6984K, committed 7296K, reserved 1048576K
}
Event: 34279.927 GC heap after
{Heap after GC invocations=1821 (full 1805):
 garbage-first heap   total 76800K, used 28950K [0x00000000c0000000, 0x0000000100000000)
  region size 1024K, 0 young (0K), 0 survivors (0K)
 Metaspace       used 56700K, committed 57408K, reserved 1114112K
  class space    used 6984K, committed 7296K, reserved 1048576K
}

